This is pdfTeXk, Version 3.14159-1.10b (Web2C 7.4.5) (format=pdflatex 2003.8.20)  12 NOV 2003 15:47
 file:line:error style messages enabled.
 %&-line parsing enabled.
**\nonstopmode \input /home/Zeileis/Work/cvs/R/strucchange/inst/doc/strucchange
-intro.tex
(/home/Zeileis/Work/cvs/R/strucchange/inst/doc/strucchange-intro.tex
(/usr/share/texmf/tex/latex/base/article.cls
Document Class: article 2001/04/21 v1.4e Standard LaTeX document class
(/usr/share/texmf/tex/latex/base/size10.clo
File: size10.clo 2001/04/21 v1.4e Standard LaTeX file (size option)
)
\c@part=\count79
\c@section=\count80
\c@subsection=\count81
\c@subsubsection=\count82
\c@paragraph=\count83
\c@subparagraph=\count84
\c@figure=\count85
\c@table=\count86
\abovecaptionskip=\skip41
\belowcaptionskip=\skip42
\bibindent=\dimen102
)
(/usr/share/texmf/tex/latex/misc/a4wide.sty
Package: a4wide 1994/08/30

(/usr/share/texmf/tex/latex/ntgclass/a4.sty
Package: a4 1999/03/03 v1.2f A4 based page layout
))
(/home/Zeileis/lib/texmf/tex/latex/Z.sty
Package: Z 2002/02/12 0.1-1 Z's own sty-file

(/usr/share/texmf/tex/latex/graphics/graphicx.sty
Package: graphicx 1999/02/16 v1.0f Enhanced LaTeX Graphics (DPC,SPQR)

(/usr/share/texmf/tex/latex/graphics/keyval.sty
Package: keyval 1999/03/16 v1.13 key=value parser (DPC)
\KV@toks@=\toks14
)
(/usr/share/texmf/tex/latex/graphics/graphics.sty
Package: graphics 2001/07/07 v1.0n Standard LaTeX Graphics (DPC,SPQR)

(/usr/share/texmf/tex/latex/graphics/trig.sty
Package: trig 1999/03/16 v1.09 sin cos tan (DPC)
)
(/usr/share/texmf/tex/latex/config/graphics.cfg
File: graphics.cfg 2001/08/31 v1.1 graphics configuration of teTeX/TeXLive
)
Package graphics Info: Driver file: pdftex.def on input line 80.

(/usr/share/texmf/tex/latex/graphics/pdftex.def
File: pdftex.def 2002/06/19 v0.03k graphics/color for pdftex
\Gread@gobject=\count87
))
\Gin@req@height=\dimen103
\Gin@req@width=\dimen104
)
(/usr/share/texmf/tex/latex/graphics/color.sty
Package: color 1999/02/16 v1.0i Standard LaTeX Color (DPC)

(/usr/share/texmf/tex/latex/config/color.cfg
File: color.cfg 2001/08/31 v1.1 color configuration of teTeX/TeXLive
)
Package color Info: Driver file: pdftex.def on input line 125.
)
(/usr/share/texmf/tex/latex/base/alltt.sty
Package: alltt 1997/06/16 v2.0g defines alltt environment
)
(/usr/share/texmf/tex/latex/natbib/natbib.sty
Package: natbib 2000/07/24 7.0a (PWD)
\bibhang=\skip43
\bibsep=\skip44
LaTeX Info: Redefining \cite on input line 508.
\c@NAT@ctr=\count88
)
(/usr/share/texmf/tex/latex/hyperref/hyperref.sty
Package: hyperref 2003/01/22 v6.73n Hypertext links for LaTeX
\@linkdim=\dimen105
\Hy@linkcounter=\count89
\Hy@pagecounter=\count90

(/usr/share/texmf/tex/latex/hyperref/pd1enc.def
File: pd1enc.def 2003/01/22 v6.73n Hyperref: PDFDocEncoding definition (HO)
)
(/var/tmp/Zeileis/Programs/R/share/texmf/hyperref.cfg
Package hyperref Info: Option `hyperindex' set `true' on input line 16.
Package hyperref Info: Option `colorlinks' set `true' on input line 16.
Package hyperref Info: Option `linktocpage' set `true' on input line 16.
Package hyperref Info: Option `plainpages' set `false' on input line 16.
)
Package hyperref Info: Hyper figures OFF on input line 1792.
Package hyperref Info: Link nesting OFF on input line 1797.
Package hyperref Info: Hyper index ON on input line 1800.
Package hyperref Info: Plain pages OFF on input line 1807.
Package hyperref Info: Backreferencing ON on input line 1810.

Implicit mode ON; LaTeX internals redefined
Package hyperref Info: Bookmarks ON on input line 1916.
(/usr/share/texmf/tex/latex/hyperref/backref.sty
Package: backref 2002/06/09 v1.20 Bibliographical back referencing
)
(/usr/share/texmf/tex/latex/latex2html/url.sty
Package: url 1999/03/02  ver 1.4  Verb mode for urls, email addresses, and file
 names
)
LaTeX Info: Redefining \url on input line 2055.
\Fld@menulength=\count91
\Field@Width=\dimen106
\Fld@charsize=\dimen107
\Choice@toks=\toks15
\Field@toks=\toks16
Package hyperref Info: Hyper figures OFF on input line 2513.
Package hyperref Info: Link nesting OFF on input line 2518.
Package hyperref Info: Hyper index ON on input line 2521.
Package hyperref Info: backreferencing ON on input line 2526.
Package hyperref Info: Link coloring ON on input line 2531.
\c@Item=\count92
\c@Hfootnote=\count93
)
*hyperref using default driver hpdftex*
(/usr/share/texmf/tex/latex/hyperref/hpdftex.def
File: hpdftex.def 2003/01/22 v6.73n Hyperref driver for pdfTeX

(/usr/share/texmf/tex/latex/psnfss/pifont.sty
Package: pifont 2002/09/08 PSNFSS-v9.0a Pi font support (SPQR) 
LaTeX Font Info:    Try loading font information for U+pzd on input line 62.

(/usr/share/texmf/tex/latex/psnfss/upzd.fd
File: upzd.fd 2001/06/04 font definitions for U/pzd.
)
LaTeX Font Info:    Try loading font information for U+psy on input line 63.

(/usr/share/texmf/tex/latex/psnfss/upsy.fd
File: upsy.fd 2001/06/04 font definitions for U/psy.
))
\Fld@listcount=\count94
\@outlinefile=\write3
)
Package color Info: Redefining color Red on input line 11.
Package color Info: Redefining color Blue on input line 12.
)
(/var/tmp/Zeileis/Programs/R/share/texmf/Sweave.sty
(/usr/share/texmf/tex/latex/base/fontenc.sty
Package: fontenc 2001/06/05 v1.94 Standard LaTeX package

(/usr/share/texmf/tex/latex/base/t1enc.def
File: t1enc.def 2001/06/05 v1.94 Standard LaTeX file
LaTeX Font Info:    Redeclaring font encoding T1 on input line 38.
))
(/usr/share/texmf/tex/latex/ae/ae.sty
Package: ae 2001/02/12 1.3 Almost European Computer Modern

(/usr/share/texmf/tex/latex/base/fontenc.sty
Package: fontenc 2001/06/05 v1.94 Standard LaTeX package

(/usr/share/texmf/tex/latex/base/t1enc.def
File: t1enc.def 2001/06/05 v1.94 Standard LaTeX file
LaTeX Font Info:    Redeclaring font encoding T1 on input line 38.
)
LaTeX Font Info:    Try loading font information for T1+aer on input line 95.

(/usr/share/texmf/tex/latex/ae/t1aer.fd
File: t1aer.fd 1997/11/16 Font definitions for T1/aer.
)))
(/usr/share/texmf/tex/latex/fancyvrb/fancyvrb.sty
Package: fancyvrb 2000/03/21

Style option: `fancyvrb' v2.7, with DG/SPQR fixes <2000/03/21> (tvz)
\FV@CodeLineNo=\count95
\FV@InFile=\read1
\FV@TabBox=\box26
\c@FancyVerbLine=\count96
\FV@StepNumber=\count97
\FV@OutFile=\write4
)
(/var/tmp/Zeileis/Programs/R/share/texmf/upquote.sty
Package: upquote 2003/08/11 v1.1 Covington's upright-quote modification to verb
atim and verb

(/usr/share/texmf/tex/latex/base/textcomp.sty
Package: textcomp 2001/06/05 v1.94 Standard LaTeX package

(/usr/share/texmf/tex/latex/base/ts1enc.def
File: ts1enc.def 2001/06/05 v3.0e (jk/car/fm) Standard LaTeX file
))))
No file strucchange-intro.aux.
\openout1 = `strucchange-intro.aux'.

LaTeX Font Info:    Checking defaults for OML/cmm/m/it on input line 7.
LaTeX Font Info:    ... okay on input line 7.
LaTeX Font Info:    Checking defaults for T1/cmr/m/n on input line 7.
LaTeX Font Info:    ... okay on input line 7.
LaTeX Font Info:    Checking defaults for OT1/cmr/m/n on input line 7.
LaTeX Font Info:    ... okay on input line 7.
LaTeX Font Info:    Checking defaults for OMS/cmsy/m/n on input line 7.
LaTeX Font Info:    ... okay on input line 7.
LaTeX Font Info:    Checking defaults for OMX/cmex/m/n on input line 7.
LaTeX Font Info:    ... okay on input line 7.
LaTeX Font Info:    Checking defaults for U/cmr/m/n on input line 7.
LaTeX Font Info:    ... okay on input line 7.
LaTeX Font Info:    Checking defaults for PD1/pdf/m/n on input line 7.
LaTeX Font Info:    ... okay on input line 7.
LaTeX Font Info:    Checking defaults for TS1/cmr/m/n on input line 7.
LaTeX Font Info:    Try loading font information for TS1+cmr on input line 7.
(/usr/share/texmf/tex/latex/base/ts1cmr.fd
File: ts1cmr.fd 1999/05/25 v2.5h Standard LaTeX font definitions
)
LaTeX Font Info:    ... okay on input line 7.

(/usr/share/texmf/tex/context/base/supp-pdf.tex
(/usr/share/texmf/tex/context/base/supp-mis.tex
loading : Context Support Macros / Missing
\protectiondepth=\count98
\scratchcounter=\count99
\scratchtoks=\toks17
\scratchdimen=\dimen108
\scratchskip=\skip45
\scratchmuskip=\muskip10
\scratchbox=\box27
\scratchread=\read2
\scratchwrite=\write5
\zeropoint=\dimen109
\minusone=\count100
\thousandpoint=\dimen110
\emptytoks=\toks18
\nextbox=\box28
\nextdepth=\dimen111
\everyline=\toks19
\!!counta=\count101
\!!countb=\count102
\recursecounter=\count103
)
loading : Context Support Macros / PDF
\nofMPsegments=\count104
\nofMParguments=\count105
\everyMPtoPDFconversion=\toks20
)
Package hyperref Info: Link coloring ON on input line 7.
 (/usr/share/texmf/tex/latex/hyperref/nameref.sty
Package: nameref 2001/01/27 v2.19 Cross-referencing by name of section
\c@section@level=\count106
)
LaTeX Info: Redefining \ref on input line 7.
LaTeX Info: Redefining \pageref on input line 7.
\openout3 = `strucchange-intro.out'.

Package backref Info: ** backref set up for natbib ** on input line 7.
LaTeX Font Info:    Try loading font information for T1+aett on input line 23.

(/usr/share/texmf/tex/latex/ae/t1aett.fd
File: t1aett.fd 1997/11/16 Font definitions for T1/aett.
)
LaTeX Font Info:    Try loading font information for T1+aess on input line 23.

(/usr/share/texmf/tex/latex/ae/t1aess.fd
File: t1aess.fd 1997/11/16 Font definitions for T1/aess.
)
LaTeX Font Info:    External font `cmex10' loaded for size
(Font)              <12> on input line 23.
LaTeX Font Info:    External font `cmex10' loaded for size
(Font)              <8> on input line 23.
LaTeX Font Info:    External font `cmex10' loaded for size
(Font)              <6> on input line 23.
LaTeX Font Info:    External font `cmex10' loaded for size
(Font)              <9> on input line 23.
LaTeX Font Info:    External font `cmex10' loaded for size
(Font)              <5> on input line 23.


Package natbib Warning: Citation `sc:Zeileis+Leisch+Hornik:2002' on page 1 unde
fined on input line 27.


Underfull \hbox (badness 10000) in paragraph at lines 41--44

 []


Package natbib Warning: Citation `Z:Kuan+Hornik:1995' on page 1 undefined on in
put line 50.

LaTeX Font Info:    External font `cmex10' loaded for size
(Font)              <7> on input line 51.

Package natbib Warning: Citation `Z:Hansen:1992' on page 1 undefined on input l
ine 52.


Package natbib Warning: Citation `Z:Andrews:1993' on page 1 undefined on input 
line 52.


Package natbib Warning: Citation `Z:Andrews+Ploberger:1994' on page 1 undefined
 on input line 52.


Underfull \hbox (badness 10000) in paragraph at lines 47--59

 []


Underfull \hbox (badness 10000) in paragraph at lines 60--64

 []


LaTeX Warning: Reference `sec:model' on page 1 undefined on input line 65.


LaTeX Warning: Reference `sec:data' on page 1 undefined on input line 67.


LaTeX Warning: Reference `sec:fluctests' on page 1 undefined on input line 69.


LaTeX Warning: Reference `sec:Ftests' on page 1 undefined on input line 70.


LaTeX Warning: Reference `sec:monitor' on page 1 undefined on input line 70.


LaTeX Warning: Reference `sec:fluctests' on page 1 undefined on input line 72.


LaTeX Warning: Reference `sec:Ftests' on page 1 undefined on input line 75.


LaTeX Warning: Reference `sec:monitor' on page 1 undefined on input line 76.


LaTeX Warning: Reference `sec:fluctests' on page 1 undefined on input line 77.

[1

{/usr/share/texmf/dvips/config/pdftex.map}]
Underfull \hbox (badness 10000) in paragraph at lines 92--97

 []


Underfull \hbox (badness 10000) in paragraph at lines 101--108

 []


LaTeX Warning: Reference `fig:USIncExp' on page 2 undefined on input line 135.

<strucchange-intro-data.pdf, id=64, 433.62pt x 289.08pt>
File: strucchange-intro-data.pdf Graphic file (type pdf)

<use strucchange-intro-data.pdf>

Package natbib Warning: Citation `sc:Hansen:1992a' on page 2 undefined on input
 line 159.

[2]

LaTeX Warning: Reference `coint.model' on page 3 undefined on input line 165.


LaTeX Warning: Reference `ecm.model' on page 3 undefined on input line 166.


LaTeX Warning: Reference `fig:ts' on page 3 undefined on input line 186.


LaTeX Warning: Reference `ecm.model' on page 3 undefined on input line 187.

<strucchange-intro-ts-used.pdf, id=97, 433.62pt x 433.62pt>
File: strucchange-intro-ts-used.pdf Graphic file (type pdf)

<use strucchange-intro-ts-used.pdf>

LaTeX Font Warning: Font shape `T1/aett/bx/n' undefined
(Font)              using `T1/aett/m/n' instead on input line 211.


Underfull \hbox (badness 10000) in paragraph at lines 213--217

 []

[3 </home/Zeileis/Work/cvs/R/strucchange/inst/doc/strucchange-intro-data.pdf>]

Package natbib Warning: Citation `Z:Brown+Durbin+Evans:1975' on page 4 undefine
d on input line 221.


Underfull \hbox (badness 10000) in paragraph at lines 225--228

 []


Underfull \hbox (badness 10000) in paragraph at lines 232--235

 []


Package natbib Warning: Citation `Z:Kraemer+Ploberger+Alt:1988' on page 4 undef
ined on input line 239.


Underfull \hbox (badness 10000) in paragraph at lines 236--244

 []


Package natbib Warning: Citation `Z:Ploberger+Kraemer:1992' on page 4 undefined
 on input line 245.

[4 </home/Zeileis/Work/cvs/R/strucchange/inst/doc/strucchange-intro-ts-used.pdf
>]
Underfull \hbox (badness 10000) in paragraph at lines 250--255

 []


Underfull \hbox (badness 10000) in paragraph at lines 256--259

 []


LaTeX Warning: Reference `Rec-MOSUM2' on page 5 undefined on input line 289.


LaTeX Warning: Reference `OLS-MOSUM2' on page 5 undefined on input line 289.


Package natbib Warning: Citation `Z:Chu+Hornik+Kuan:1995' on page 5 undefined o
n input line 292.


Underfull \hbox (badness 10000) in paragraph at lines 287--293

 []


Underfull \hbox (badness 10000) in paragraph at lines 294--296

 []


Underfull \hbox (badness 10000) in paragraph at lines 297--299

 []


Package natbib Warning: Citation `Z:Ploberger+Kraemer+Kontrus:1989' on page 5 u
ndefined on input line 308.


Package natbib Warning: Citation `Z:Chu+Hornik+Kuan:1995a' on page 5 undefined 
on input line 314.

[5]

Package natbib Warning: Citation `Z:Kuan+Chen:1994' on page 6 undefined on inpu
t line 327.


Underfull \hbox (badness 10000) in paragraph at lines 321--331

 []


Underfull \hbox (badness 10000) in paragraph at lines 332--335

 []


Underfull \hbox (badness 10000) in paragraph at lines 336--339

 []


LaTeX Warning: Reference `Rec-MOSUM' on page 6 undefined on input line 356.


LaTeX Warning: Reference `OLS-MOSUM' on page 6 undefined on input line 357.


Underfull \hbox (badness 10000) in paragraph at lines 349--358

 []


Underfull \hbox (badness 10000) in paragraph at lines 367--382

 []

[6]

LaTeX Warning: Reference `bound:Rec-CUS1' on page 7 undefined on input line 403
.


LaTeX Warning: Reference `bound:OLS-CUS1' on page 7 undefined on input line 403
.


Package natbib Warning: Citation `Zo:Zeileis:2000a' on page 7 undefined on inpu
t line 404.


LaTeX Warning: Reference `bound:Rec-CUS1' on page 7 undefined on input line 405
.


LaTeX Warning: Reference `bound:OLS-CUS1' on page 7 undefined on input line 405
.


Underfull \hbox (badness 10000) in paragraph at lines 401--408

 []


LaTeX Warning: Reference `fig:ocus' on page 7 undefined on input line 419.

<strucchange-intro-OLS-CUSUM.pdf, id=154, 433.62pt x 289.08pt>
File: strucchange-intro-OLS-CUSUM.pdf Graphic file (type pdf)

<use strucchange-intro-OLS-CUSUM.pdf>
Underfull \hbox (badness 10000) in paragraph at lines 433--437

 []

[7 </home/Zeileis/Work/cvs/R/strucchange/inst/doc/strucchange-intro-OLS-CUSUM.p
df>] <strucchange-intro-ME-null.pdf, id=172, 433.62pt x 433.62pt>
File: strucchange-intro-ME-null.pdf Graphic file (type pdf)

<use strucchange-intro-ME-null.pdf>

LaTeX Warning: Reference `fig:me-null' on page 8 undefined on input line 468.


LaTeX Warning: Reference `statr' on page 8 undefined on input line 491.


LaTeX Warning: Reference `state' on page 8 undefined on input line 492.

[8 </home/Zeileis/Work/cvs/R/strucchange/inst/doc/strucchange-intro-ME-null.pdf
>]
Underfull \hbox (badness 10000) in paragraph at lines 495--500

 []

LaTeX Font Info:    External font `cmex10' loaded for size
(Font)              <14.4> on input line 528.

Package hyperref Warning: Token not allowed in a PDFDocEncoded string,
(hyperref)                removing `math shift' on input line 528.


Package hyperref Warning: Token not allowed in a PDFDocEncoded string,
(hyperref)                removing `math shift' on input line 528.


LaTeX Warning: Reference `model1' on page 9 undefined on input line 535.


Package natbib Warning: Citation `Z:Chow:1960' on page 9 undefined on input lin
e 540.


Package hyperref Warning: Token not allowed in a PDFDocEncoded string,
(hyperref)                removing `math shift' on input line 561.


Package hyperref Warning: Token not allowed in a PDFDocEncoded string,
(hyperref)                removing `math shift' on input line 561.

[9] <strucchange-intro-Fstats-plot.pdf, id=199, 433.62pt x 289.08pt>
File: strucchange-intro-Fstats-plot.pdf Graphic file (type pdf)

<use strucchange-intro-Fstats-plot.pdf>

LaTeX Warning: Reference `fig:Fstats' on page 10 undefined on input line 605.


Underfull \hbox (badness 10000) in paragraph at lines 586--610

 []

[10 </home/Zeileis/Work/cvs/R/strucchange/inst/doc/strucchange-intro-Fstats-plo
t.pdf>]

Package hyperref Warning: Token not allowed in a PDFDocEncoded string,
(hyperref)                removing `math shift' on input line 628.


Package hyperref Warning: Token not allowed in a PDFDocEncoded string,
(hyperref)                removing `math shift' on input line 628.


Package natbib Warning: Citation `Z:Andrews:1993' on page 11 undefined on input
 line 632.


Package natbib Warning: Citation `Z:Andrews+Ploberger:1994' on page 11 undefine
d on input line 632.


LaTeX Warning: Reference `supF' on page 11 undefined on input line 641.


LaTeX Warning: Reference `aveF' on page 11 undefined on input line 642.


LaTeX Warning: Reference `expF' on page 11 undefined on input line 645.


Package natbib Warning: Citation `Z:Andrews+Ploberger:1994' on page 11 undefine
d on input line 646.


Package natbib Warning: Citation `Z:Hansen:1997' on page 11 undefined on input 
line 670.


Package natbib Warning: Citation `Z:Chu+Stinchcombe+White:1996' on page 11 unde
fined on input line 683.


Package natbib Warning: Citation `Z:Leisch+Hornik+Kuan:2000' on page 11 undefin
ed on input line 683.


LaTeX Warning: Reference `model1' on page 11 undefined on input line 691.

[11]

Package natbib Warning: Citation `Z:Chu+Stinchcombe+White:1996' on page 12 unde
fined on input line 702.


Package natbib Warning: Citation `Z:Leisch+Hornik+Kuan:2000' on page 12 undefin
ed on input line 703.

[12]

LaTeX Warning: Reference `fig:monitor' on page 13 undefined on input line 786.

<strucchange-intro-monitor-plot.pdf, id=236, 433.62pt x 289.08pt>
File: strucchange-intro-monitor-plot.pdf Graphic file (type pdf)

<use strucchange-intro-monitor-plot.pdf>

LaTeX Warning: Reference `fig:monitor2' on page 13 undefined on input line 820.


<strucchange-intro-monitor-plot2.pdf, id=237, 433.62pt x 289.08pt>
File: strucchange-intro-monitor-plot2.pdf Graphic file (type pdf)

<use strucchange-intro-monitor-plot2.pdf>
Underfull \hbox (badness 10000) in paragraph at lines 836--841

 []

[13 </home/Zeileis/Work/cvs/R/strucchange/inst/doc/strucchange-intro-monitor-pl
ot.pdf>] [14 </home/Zeileis/Work/cvs/R/strucchange/inst/doc/strucchange-intro-m
onitor-plot2.pdf>]
(/home/Zeileis/Work/cvs/R/strucchange/inst/doc/strucchange-intro.bbl

Package hyperref Warning: old brf file detected, not used; run LaTeX again.

\tf@brf=\write6
\openout6 = `strucchange-intro.brf'.

/home/Zeileis/Work/cvs/R/strucchange/inst/doc/strucchange-intro.bbl:107: Illega
l parameter number in definition of \Hy@tempa
You meant to type ## instead of #, right?
Or maybe a } was forgotten somewhere earlier, and things
are all screwed up? I'm going to assume that you meant ##.

/home/Zeileis/Work/cvs/R/strucchange/inst/doc/strucchange-intro.bbl:107: Illega
l parameter number in definition of \@tempa
You meant to type ## instead of #, right?
Or maybe a } was forgotten somewhere earlier, and things
are all screwed up? I'm going to assume that you meant ##.

) [15]

Package hyperref Warning: Token not allowed in a PDFDocEncoded string,
(hyperref)                removing `math shift' on input line 868.


Package hyperref Warning: Token not allowed in a PDFDocEncoded string,
(hyperref)                removing `math shift' on input line 868.


Underfull \hbox (badness 10000) in paragraph at lines 870--874

 []


Package natbib Warning: Citation `Zo:Zeileis:2000a' on page 16 undefined on inp
ut line 877.


Package natbib Warning: Citation `Zo:Zeileis:2000' on page 16 undefined on inpu
t line 883.


Package natbib Warning: Citation `Z:Chu+Hornik+Kuan:1995' on page 16 undefined 
on input line 885.


Package natbib Warning: Citation `Z:Chu+Hornik+Kuan:1995a' on page 16 undefined
 on input line 887.


Underfull \hbox (badness 10000) in paragraph at lines 875--889

 []


Package natbib Warning: Citation `Z:Hansen:1997' on page 16 undefined on input 
line 891.


Package natbib Warning: There were undefined citations.

[16] (./strucchange-intro.aux

Package natbib Warning: Citation(s) may have changed.
(natbib)                Rerun to get citations correct.

)

LaTeX Font Warning: Some font shapes were not available, defaults substituted.


LaTeX Warning: There were undefined references.


LaTeX Warning: Label(s) may have changed. Rerun to get cross-references right.

 ) 
Here is how much of TeX's memory you used:
 4142 strings out of 10437
 57595 string characters out of 240233
 102228 words of memory out of 1000001
 6958 multiletter control sequences out of 10000+592
 54365 words of font info for 111 fonts, out of 400000 for 1000
 14 hyphenation exceptions out of 1000
 35i,8n,39p,344b,368s stack positions out of 300i,100n,500p,50000b,4000s
 301 PDF objects out of 300000
 79 named destinations out of 131072
 51 words of extra memory for PDF output out of 65536
{/usr/share/texmf/dvips/tetex/f7b6d320.enc}</usr/share/texmf/fonts/type1/blue
sky/cm/cmss8.pfb>{/usr/share/texmf/dvips/tetex/aae443f0.enc}</usr/share/texmf/f
onts/type1/bluesky/cm/cmmi8.pfb></usr/share/texmf/fonts/type1/bluesky/cm/cmmi12
.pfb>{/usr/share/texmf/dvips/tetex/74afc74c.enc}</usr/share/texmf/fonts/type1/b
luesky/cm/cmti10.pfb>{/usr/share/texmf/dvips/tetex/0ef0afca.enc}</usr/share/tex
mf/fonts/type1/bluesky/cm/cmr5.pfb></usr/share/texmf/fonts/type1/bluesky/cm/cmm
i5.pfb>{/usr/share/texmf/dvips/tetex/09fbbfac.enc}</usr/share/texmf/fonts/type1
/bluesky/cm/cmsltt10.pfb>{/usr/share/texmf/dvips/tetex/bbad153f.enc}</usr/share
/texmf/fonts/type1/bluesky/cm/cmsy5.pfb></usr/share/texmf/fonts/type1/bluesky/c
m/cmex10.pfb></usr/share/texmf/fonts/type1/bluesky/cm/cmsy10.pfb></usr/share/te
xmf/fonts/type1/bluesky/cm/cmr7.pfb></usr/share/texmf/fonts/type1/bluesky/cm/cm
sy7.pfb></usr/share/texmf/fonts/type1/bluesky/cm/cmmi7.pfb></usr/share/texmf/fo
nts/type1/bluesky/cm/cmtt10.pfb></usr/share/texmf/fonts/type1/bluesky/cm/cmmi10
.pfb></usr/share/texmf/fonts/type1/bluesky/cm/cmbx12.pfb></usr/share/texmf/font
s/type1/bluesky/cm/cmss10.pfb></usr/share/texmf/fonts/type1/bluesky/cm/cmr10.pf
b></usr/share/texmf/fonts/type1/bluesky/cm/cmbx10.pfb></usr/share/texmf/fonts/t
ype1/bluesky/cm/cmmi9.pfb></usr/share/texmf/fonts/type1/bluesky/cm/cmtt9.pfb></
usr/share/texmf/fonts/type1/bluesky/cm/cmss9.pfb></usr/share/texmf/fonts/type1/
bluesky/cm/cmbx9.pfb></usr/share/texmf/fonts/type1/bluesky/cm/cmr9.pfb></usr/sh
are/texmf/fonts/type1/bluesky/cm/cmr6.pfb></usr/share/texmf/fonts/type1/bluesky
/cm/cmr8.pfb></usr/share/texmf/fonts/type1/bluesky/cm/cmr12.pfb></usr/share/tex
mf/fonts/type1/bluesky/cm/cmss17.pfb></usr/share/texmf/fonts/type1/bluesky/cm/c
mr17.pfb></usr/share/texmf/fonts/type1/bluesky/cm/cmtt12.pfb>
Output written on strucchange-intro.pdf (16 pages, 332075 bytes).
